<?xml version="1.0" encoding="UTF-8"?>
<!-- Generated by org.testng.reporters.JUnitReportReporter -->
<testsuite skipped="0" hostname="hp" name="com.yjcHousing.qa.base.Hello" tests="1" failures="0" timestamp="25 Feb 2022 07:20:12 GMT" time="0.088" errors="0">
  <testcase name="SayH" time="0.088" classname="com.yjcHousing.qa.base.Hello"/>
</testsuite> <!-- com.yjcHousing.qa.base.Hello -->
