<?xml version="1.0" encoding="UTF-8"?>
<!-- Generated by org.testng.reporters.JUnitReportReporter -->
<testsuite skipped="0" hostname="hp" name="com.yjcHousing.qa.testCases.NpiSignInpageTest" tests="1" failures="0" timestamp="27 Feb 2022 08:04:03 GMT" time="32.546" errors="0">
  <testcase name="signInTest" time="32.546" classname="com.yjcHousing.qa.testCases.NpiSignInpageTest"/>
</testsuite> <!-- com.yjcHousing.qa.testCases.NpiSignInpageTest -->
